<?xml version="1.0" encoding="UTF-8"?>
<!-- Generated by org.testng.reporters.JUnitReportReporter -->
<testsuite skipped="0" hostname="DESKTOP-UFM8Q5F" name="com.test.upgrade.tests.ApplicationTest" tests="1" failures="0" timestamp="30 Sep 2020 08:43:19 GMT" time="14.871" errors="0">
  <testcase name="testTakeHomeChallenge" time="14.871" classname="com.test.upgrade.tests.ApplicationTest"/>
</testsuite> <!-- com.test.upgrade.tests.ApplicationTest -->
