<?xml version="1.0" encoding="UTF-8"?>
<!-- Generated by org.testng.reporters.JUnitReportReporter -->
<testsuite skipped="0" hostname="DESKTOP-UFM8Q5F" name="com.test.upgrade.tests.ApplicationTest2" tests="2" failures="0" timestamp="30 Sep 2020 04:33:31 GMT" time="4.917" errors="0">
  <testcase name="test2" time="3.519" classname="com.test.upgrade.tests.ApplicationTest2"/>
  <testcase name="test1" time="1.398" classname="com.test.upgrade.tests.ApplicationTest2"/>
</testsuite> <!-- com.test.upgrade.tests.ApplicationTest2 -->
