<?xml version="1.0" encoding="UTF-8"?>
<!-- Generated by org.testng.reporters.JUnitReportReporter -->
<testsuite skipped="0" hostname="DESKTOP-UFM8Q5F" name="com.test.upgrade.ui.LoginTest" tests="6" failures="0" timestamp="29 Sep 2020 05:26:57 GMT" time="29.919" errors="0">
  <testcase name="test1" time="2.914" classname="com.test.upgrade.ui.LoginTest"/>
  <testcase name="test2" time="2.627" classname="com.test.upgrade.ui.LoginTest"/>
  <testcase name="test3" time="8.570" classname="com.test.upgrade.ui.LoginTest"/>
  <testcase name="test4" time="6.382" classname="com.test.upgrade.ui.LoginTest"/>
  <testcase name="test5" time="5.388" classname="com.test.upgrade.ui.LoginTest"/>
  <testcase name="test6" time="4.038" classname="com.test.upgrade.ui.LoginTest"/>
</testsuite> <!-- com.test.upgrade.ui.LoginTest -->
