<?xml version="1.0" encoding="UTF-8"?>
<!-- Generated by org.testng.reporters.JUnitReportReporter -->
<testsuite skipped="0" hostname="DESKTOP-UFM8Q5F" name="com.test.upgrade.TakeHomeTest" tests="1" failures="0" timestamp="28 Sep 2020 06:51:21 GMT" time="2.471" errors="0">
  <testcase name="testLoginInvalidPwd" time="2.471" classname="com.test.upgrade.TakeHomeTest"/>
</testsuite> <!-- com.test.upgrade.TakeHomeTest -->
